[INFO] Scanning for projects...
[INFO] 
[INFO] --------------------< com.lakshyatha:blooddonation >--------------------
[INFO] Building blooddonation 0.0.1-SNAPSHOT
[INFO]   from pom.xml
[INFO] --------------------------------[ jar ]---------------------------------
[INFO] 
[INFO] --- resources:3.3.1:resources (default-resources) @ blooddonation ---
[INFO] Copying 1 resource from src\main\resources to target\classes
[INFO] Copying 0 resource from src\main\resources to target\classes
[INFO] 
[INFO] --- compiler:3.13.0:compile (default-compile) @ blooddonation ---
[INFO] Recompiling the module because of added or removed source files.
[INFO] Compiling 13 source files with javac [debug parameters release 17] to target\classes
[INFO] ------------------------------------------------------------------------
[INFO] BUILD SUCCESS
[INFO] ------------------------------------------------------------------------
[INFO] Total time:  5.556 s
[INFO] Finished at: 2026-03-23T21:19:19+05:30
[INFO] ------------------------------------------------------------------------
